<?xml version="1.0" encoding="UTF-8"?>
<!-- Generated by org.testng.reporters.JUnitReportReporter -->
<testsuite skipped="0" hostname="Roshani" name="Demoshop.Demologin" tests="1" failures="0" timestamp="4 Aug 2021 15:07:11 GMT" time="5.771" errors="0">
  <testcase name="demologin" time="5.771" classname="Demoshop.Demologin"/>
</testsuite> <!-- Demoshop.Demologin -->
