<?xml version="1.0" encoding="UTF-8"?>
<!-- Generated by org.testng.reporters.JUnitReportReporter -->
<testsuite skipped="0" hostname="Roshani" name="Demoshop.Demologin" tests="1" failures="0" timestamp="5 Aug 2021 17:19:39 GMT" time="14.336" errors="0">
  <testcase name="demologin" time="14.336" classname="Demoshop.Demologin"/>
</testsuite> <!-- Demoshop.Demologin -->
