<?xml version="1.0" encoding="UTF-8"?>
<!-- Generated by org.testng.reporters.JUnitReportReporter -->
<testsuite skipped="0" hostname="Roshani" name="Demoshop.Demologin" tests="1" failures="0" timestamp="5 Aug 2021 17:45:29 GMT" time="12.682" errors="0">
  <testcase name="demologin" time="12.682" classname="Demoshop.Demologin"/>
</testsuite> <!-- Demoshop.Demologin -->
