<?xml version="1.0" encoding="UTF-8"?>
<!-- Generated by org.testng.reporters.JUnitReportReporter -->
<testsuite skipped="0" hostname="Roshani" name="DemoShop.NewTest" tests="1" failures="0" timestamp="5 Aug 2021 09:50:36 GMT" time="5.053" errors="0">
  <testcase name="veryfylogin" time="5.053" classname="DemoShop.NewTest"/>
</testsuite> <!-- DemoShop.NewTest -->
