<?xml version="1.0" encoding="UTF-8"?>
<!-- Generated by org.testng.reporters.JUnitReportReporter -->
<testsuite skipped="0" hostname="Roshani" name="Demoshop.Test1" tests="1" failures="0" timestamp="5 Aug 2021 18:43:37 GMT" time="7.434" errors="0">
  <testcase name="testclass" time="7.434" classname="Demoshop.Test1"/>
</testsuite> <!-- Demoshop.Test1 -->
